1 10 20
100 200 125
201 210 89
900 1000 174
10 1 20
9999 9999 92
340 30100 308
500 101 144
1 1 1
9999 9998 92
1 9999 262
5 6 9
7 10 20
1 98746 351
99 999 179
99 9999 262
82536 37828 351
26455 63522 340
31287 76251 340
77811 99630 338
85665 25147 351
27549 84805 351
97620 33241 351
94836 94005 315
1 10000 262
2 10000 262
1234 54321 340
1234 43214 324
1000 1009 143
2000 999 182
888 777 179
5434 7789 262
9868 1117 262
23411 876 279
70 1000 179
90 80 111
47 50 105
50 47 105
77 7778 262
30 40 107
30 50 110
230 23401 279
335 332 113
345 225 144
720 889 179
890 889 148
71 79 116
1 5 8
90 75 111
8867 7688 252
12 78 116
997 1059 169
2094 1805 175
439 92 144
47 59 113
4869 234 238
2004 2029 157
694 2703 209
80 98 119
3 90 116
21478 21479 194
1234 54321 340
1234 43214 324
894 3849 238
39 65 113
3485 3498 181
2389 4029 238
8 8 4
985 1074 169
8690 6873 257
92383 89839 333
273 845 171
5273 2738 238
894 783 179
9849 8372 260
777 333 171
102 75 119
5 9 20
10 165 122
8493 7549 252
9873 9384 211
700 701 83
85 78 111
93749 54789 351
34 65 113
97 188 125
3049 2077 217
73627 89048 351
6604 7000 257
8634 9654 260
20843 53093 340
905 769 179
9865 14576 276
32 25 112
89 99 119
9 5 20
67 293 128
5904 6534 262
85490 65342 351
888 4 179
7 8 17
9 13 20
777 777 34
