1 10 20
100 200 125
201 210 89
900 1000 174
568 638 132
238 476 144
2860 3574 217
6 2543 209
6455 7055 257
1466 7433 262
631 1755 182
2398 9530 262
1043 6439 262
7543 9038 252
1465 3956 238
6817 8972 257
1438 1614 172
809 8191 262
2910 8613 262
3268 7736 262
443 8859 262
1106 1472 182
4855 7231 262
1617 3164 217
354 8800 262
8016 9426 260
4794 7351 262
7295 9998 260
4330 8168 262
2147 7425 262
1802 5499 238
18 4521 238
363 6501 262
2988 4319 238
944 7675 262
1907 3203 217
808 9971 262
7208 9650 260
2647 8556 262
2633 9514 262
3120 6128 238
7959 9758 260
3463 8351 262
2769 9990 262
2809 6648 262
2348 9690 262
1020 3970 238
1157 9062 262
159 1468 182
5250 8863 262
390 2239 183
2545 3536 217
2298 4626 238
4911 7672 262
5283 5917 236
2266 3344 217
7069 9764 260
4670 6918 262
1481 7624 262
3717 9915 262
6001 8825 262
4844 7636 262
1450 8535 262
3485 7618 262
3166 9131 262
6118 8553 262
8924 8974 247
7062 8804 252
1616 6219 262
1634 5621 238
653 1948 182
8399 9917 260
9526 9556 198
4496 7685 262
587 2840 209
2777 3866 238
4681 6424 262
3124 4466 238
5672 9179 262
5815 8018 262
3099 7886 262
389 3607 217
6365 6791 244
5258 7775 262
270 8349 262
64 8447 262
4214 5763 236
2179 6307 262
5862 6722 262
8387 8643 203
890 7341 262
556 6236 262
5152 8824 262
1458 9428 262
284 5635 238
1485 4007 238
49 8578 262
155 4961 238
4879 9039 262
5182 5401 192
1168 1231 164
2562 2799 191
2338 3183 217
6308 8316 257
