1 10 20
100 200 125
201 210 89
900 1000 174
1 2 2
919 416 179
448 1 144
922 283 179
413 831 171
260 357 144
50 163 122
219 596 144
65 191 125
60 502 144
968 115 179
707 837 153
20 277 128
868 661 171
351 256 144
174 417 144
126 436 144
137 890 179
620 394 142
243 364 144
453 7 144
627 59 144
745 315 171
422 338 134
289 326 131
592 366 142
40 677 145
619 114 144
493 377 142
754 969 179
318 204 131
796 567 171
270 978 179
42 339 144
851 467 171
239 288 123
889 134 179
25 621 144
645 759 171
520 430 142
400 482 134
701 722 171
373 64 144
959 5 179
197 117 125
675 457 145
950 987 143
899 821 179
991 948 143
89 981 179
635 405 142
930 664 179
461 513 142
488 921 179
971 216 179
557 895 179
401 154 144
188 3 125
716 477 171
215 251 128
641 429 142
535 45 144
166 530 144
230 487 144
763 516 171
795 210 171
539 439 142
308 633 144
857 625 171
829 98 171
360 775 171
71 970 179
445 849 171
962 379 179
580 119 144
178 446 144
756 734 140
298 855 171
55 222 125
538 419 142
905 100 179
693 307 145
903 604 179
343 601 142
692 121 145
324 660 145
765 665 171
624 312 144
509 979 179
608 93 144
301 603 144
559 918 179
673 527 145
668 542 145
634 739 171
158 554 144
783 332 171
641 280 144
448 343 134
849 483 171
399 389 121
294 351 144
314 848 171
404 936 179
467 970 179
298 428 144
154 590 144
211 141 125
895 125 179
911 60 179
265 835 171
1000 253 179
499 821 171
45 951 179
561 271 144
251 383 144
612 118 144
710 902 179
669 239 145
760 162 171
409 444 134
153 619 144
366 434 134
229 384 144
246 193 128
988 164 179
979 716 179
788 17 171
296 954 179
457 899 179
115 173 125
356 989 179
99 938 179
376 815 171
903 601 179
435 945 179
111 94 119
289 230 128
805 553 171
934 791 179
52 258 128
10 975 179
312 986 179
762 921 179
995 879 174
20 24 16
549 83 144
82 820 171
793 773 153
963 816 179
700 331 145
845 491 171
44 516 144
593 187 144
811 260 171
110 130 122
437 189 144
150 124 122
101 267 128
687 347 145
338 620 142
406 410 41
463 135 144
540 957 179
636 758 171
62 567 144
373 865 171
648 809 171
611 654 145
770 582 171
565 424 142
679 886 179
1 1000 179
40 40 9
1 1 1
500 500 111
15000 15000 178
18600 20000 274
5000 5000 29
