1 10 20
100 200 125
201 210 89
900 1000 174
5 1 8
5654 97276 351
76445 97874 351
3166 49776 324
91384 22085 351
39061 9955 324
44597 783 324
41464 3972 324
80624 92730 333
82466 12121 351
205 99039 351
51344 24385 324
41041 57884 340
93671 33611 351
64864 319 340
96959 49579 351
15713 80076 351
3389 31839 308
20737 92505 351
34868 30258 311
17497 9393 276
1200 16555 276
59492 91788 351
98267 45727 351
74738 52445 340
64779 85904 351
94730 18084 351
86488 79876 320
23250 56328 340
54403 26832 340
2044 26764 308
21423 73456 340
34879 697 311
63401 91576 351
22221 37589 324
36403 79965 351
21283 96999 351
52933 66679 335
74290 74057 263
7940 3191 262
47332 82886 351
34088 19425 308
2234 88672 351
69898 24938 340
84402 15703 351
1042 15838 276
16836 81025 351
85991 78338 338
73227 76284 325
99272 72397 351
46371 16806 324
54707 96271 351
90511 7945 351
69016 99497 351
7121 17282 276
41425 5729 324
38310 93845 351
79226 42401 351
54029 21171 340
81214 59135 351
60881 13917 340
77097 17418 351
37393 98389 351
48542 40170 314
8752 13726 276
63379 54925 335
23728 82731 351
67043 91558 351
12316 2314 268
18285 7651 279
64656 41181 340
91824 51519 351
91373 99930 333
86558 80250 320
55609 84474 351
95334 37058 351
70177 94250 351
97594 57095 351
63908 25317 340
89617 29483 351
5101 2659 238
81187 13398 351
14276 1367 276
71622 63898 325
54578 96174 351
52329 53013 340
49049 490 324
83259 32625 351
88752 1874 351
14964 78315 351
84561 5861 351
77039 14149 351
58088 67939 335
450 87999 351
62620 43884 340
57336 2057 340
50031 90020 351
3401 72396 340
12742 75788 340
73191 52525 340
67307 55794 335
62440 13484 340
17975 81282 351
60313 51024 340
54427 20247 340
11550 71177 340
69398 15683 340
73876 65297 325
5432 52188 324
91216 1616 351
41538 83924 351
14017 25246 282
80185 15946 351
76556 37951 340
58880 50487 340
71935 52651 335
91402 44705 351
76176 16116 340
19118 40026 324
38128 37869 244
38408 56010 340
49252 57186 340
6246 33971 308
86095 98115 333
7060 99356 351
76039 55126 335
61164 57501 335
65000 6621 340
15286 20254 279
36439 57514 340
71038 76837 325
33117 98069 351
62845 28049 340
76109 76505 307
18826 92856 351
3147 16823 276
69830 62129 330
34804 57736 340
6652 35421 311
63727 583 340
67851 11080 340
9822 1767 262
41055 32915 324
57563 56785 304
73643 66086 325
69386 19465 340
53868 89263 351
13467 97013 351
85313 2794 351
49782 50276 265
47031 77949 351
94937 30993 351
2170 36571 324
2364 4226 238
49919 23480 324
13733 1898 276
