1 7 17
943 2 179
534 902 179
240 10 128
10 500 144
9 4000 238
11 12 15
25 30 112
90 134 122
134 690 145
913 845 179
32 1234 182
213 954 179
600 500 137
500 600 137
100 200 125
888 999 174
9999 10000 92
3423 4567 238
2000 3000 217
122 333 144
899 122 179
109 209 125
907 809 179
352 432 134
891 231 179
975 123 179
543 134 144
777 888 179
134 63994 340
2134 4534 238
1324 3459 217
134 9054 262
1234 4321 238
234 4532 238
2 4 8
8 9 20
9 10 20
11 12 15
90 70 116
70 90 116
1000 9000 262
134 354 144
875 134 179
3234 907 217
1312 6456 262
4345 2345 238
9213 4534 262
8912 2315 262
8939 2342 262
2349 9583 262
8438 4258 262
3284 4589 238
2528 2905 191
2354 3590 217
2359 954 183
2499 2093 209
4003 9302 262
3245 3095 199
17 10 18
32 94 116
13 43 112
85 32 116
252 905 179
324 933 179
584 345 142
4903 5230 210
2350 5235 238
23452 53425 340
34252 23049 311
12549 23405 279
23049 32400 308
23094 89453 351
23459 32459 308
324 932 179
234 902 179
124 123 109
932 234 179
234 954 179
965 345 179
430 345 134
906 384 179
938 435 179
234 654 145
234 235 128
2543 9045 262
1 9 20
324 923 179
2 9 20
92 29 116
84 32 116
382 234 144
234 964 179
234 945 179
84 329 144
345 9349 262
2346 3546 217
854 345 171
2934 435 217
9348 4352 262
8432 2823 262
842 843 42
857 374 171
738 473 171
47 485 144
865 9 171
5 8 17
83 94 111
583 685 145
348 594 142
483 685 145
84 84 10
23 84 116
1 1 1
88 88 18
2 4 8
93 8 116
38 49 110
9213 8422 247
849 323 171
