1 10 20
100 200 125
201 210 89
900 1000 174
303 408 144
1 20 21
250 270 123
420 454 116
800 825 135
35 50 110
900 917 130
673 822 171
127 234 128
475 875 179
44 63 113
10000 12000 268
239 450 144
1234 4321 238
654 1023 179
712 904 179
125 130 122
1 1000 179
1 2 2
2 10 20
40 500 144
501 600 137
601 700 145
701 800 171
801 900 179
901 1000 174
1 10 20
450 2000 182
1 1 1
790 1350 182
1 10 20
420 454 116
800 825 135
35 50 110
900 917 130
673 822 171
127 234 128
475 875 179
44 63 113
790 1350 182
33 4332 238
420 454 116
800 825 135
35 50 110
753 999 179
20000 30000 308
987 2345 183
9 87 116
49 76 116
88 578 144
1 55 113
1 1000 179
12000 20000 279
898 3321 217
420 454 116
800 825 135
35 50 110
900 917 130
673 822 171
127 234 128
475 875 179
44 63 113
10000 12000 268
239 450 144
1234 4321 238
654 1023 179
712 904 179
125 130 122
1 1000 179
1 2 2
2 3 8
11 99 119
456 945 179
1 10000 262
490 569 142
210 420 144
69 96 116
234 432 144
678 987 179
1234 5432 238
239 450 144
1234 4321 238
654 1023 179
712 904 179
125 130 122
7654 10562 260
90 210 125
1 2002 182
55 780 171
3 22 21
7 665 145
987 5432 238
800 900 179
765 3654 217
907 990 174
3456 8765 262
