1 10 20
100 200 125
201 210 89
900 1000 174
7000 10000 260
5 5 6
5 3 8
70000 90000 351
13 49 112
150 500 144
44 88 116
65 87 116
1000 9999 262
888 8754 262
1 100000 351
5 80384 351
741 8472 262
900 8 179
90 90 18
89 457 144
4733 82384 351
2394 5839 238
6874 8083 257
8940 90134 351
88 90 31
8 9 20
6 7 17
90 91 93
91 99 119
100 159 122
143 8472 262
8000 100 262
1 1 1
1 2 2
10 1900 182
38 98321 351
8000 9000 247
81 91 111
745 947 179
9823 108472 354
327 5737 238
42 42 9
908 10283 262
89 98 119
98 1 119
1000 47473 324
103857 10 351
1847 4038 238
5738 98274 351
800 901 179
2000 10000 262
45 4000 238
100 101 26
1234 7489 262
4522 9123 262
55 5784 238
23 2445 183
654 234 145
7654 2345 262
2345 5678 238
22 23 16
1324 8567 262
6543 7856 257
2345 2345 152
6354 8675 257
5342 6567 262
100 23456 279
4563 2344 238
54 88 116
34 76 116
32 88 116
45 90 116
34 8764 262
234 7888 262
6544 8766 257
5677 34567 311
55 56 113
10 50 112
46 234 128
65 345 144
33 876 179
26 7777 262
3456 8765 262
2345 66 183
2 60 113
30 234 128
654 345 145
7766 3456 262
2234 5666 238
8777 4567 262
3234 2567 217
8765 3456 262
87 345 144
5 2345 183
89 66 116
56 89 116
287 8546 262
388 366 121
34 8765 262
1 100 119
