1 10 20
100 200 125
201 210 89
8969 61217 340
1460 77032 351
3064 89843 351
7860 27542 308
1101 7286 262
7378 29484 308
4730 65544 340
6792 46718 324
4578 60671 340
6066 73941 340
9561 56998 340
7417 92001 351
6017 58710 340
1568 42540 324
2963 7874 262
7260 74120 340
5873 23246 279
8894 79759 351
8549 45715 324
9044 42949 324
7570 42411 324
3934 40938 324
8987 48043 324
8578 20641 279
2380 15514 276
9864 40897 324
5487 18547 279
3648 36266 324
884 51808 324
8151 46716 324
181 92491 351
8466 19885 279
889 20411 279
6280 92002 351
3423 39393 324
6715 80618 351
8853 16377 276
6042 48301 324
3137 98920 351
580 43935 324
131 35664 324
4298 53406 340
5979 49047 324
9915 74295 340
5297 21176 279
4126 39649 324
5179 76241 340
727 77845 351
6111 44602 324
5673 14526 276
3273 89191 351
4353 79957 351
1409 16402 276
704 44318 324
877 38608 324
7267 60179 340
6752 21111 279
3460 51236 324
4415 24591 282
879 36000 324
4047 32392 308
9199 21292 279
4006 74568 340
761 90681 351
1140 13453 276
8603 23111 279
6409 21121 279
4159 7224 262
2425 85857 351
1895 4884 238
4741 79730 351
573 27923 308
6556 95259 351
1664 3477 217
6565 58371 340
7927 98376 351
5164 63040 340
7863 31106 308
6553 26452 282
138 45553 324
3491 85638 351
2740 45255 324
721 97408 351
1788 76587 340
508 50678 324
1109 23276 279
9747 15459 276
2431 66869 340
1197 16827 276
4216 35604 311
2348 45491 324
7634 13021 268
4104 98261 351
3390 78750 351
287 14108 276
2923 50032 324
6549 30422 308
4794 75110 340
6946 77827 351
6071 21619 279
3048 17472 276
3036 36372 324
1373 81543 351
4075 96602 351
5996 51892 324
6451 40510 324
8440 90194 351
5715 52423 324
2208 30963 308
4911 61210 340
1988 53512 340
1599 21765 279
5762 99428 351
224 11103 268
2451 97354 351
5829 78392 351
3687 7575 262
3615 34415 311
7288 40398 324
4956 8972 262
8748 43610 324
5627 65117 340
7896 13512 276
7065 24719 282
2329 52933 340
1152 34045 308
2537 40589 324
740 63724 340
5916 43913 324
1669 55464 340
8223 45047 324
7585 80322 351
8718 12542 268
7780 27301 308
8612 11079 268
6204 67920 340
8626 39167 324
3617 54429 340
457 14324 276
7732 17305 276
698 67896 340
310 16535 276
4158 29528 308
6071 25069 282
6606 26916 308
2653 19304 279
2887 45258 324
8186 27693 308
1144 42909 324
1517 34926 311
