1 10 20
100 200 125
201 210 89
900 1000 174
1 1 1
2 2 2
3 3 8
4 4 3
5 5 6
6 6 9
7 7 17
8 8 4
9 9 20
10 10 7
1 2 2
2 3 8
3 4 8
4 5 6
1 10 20
1 100 119
1 200 125
1 500 144
1 1000 179
200 250 128
250 300 123
300 350 144
350 400 126
400 450 134
450 500 142
500 550 137
550 600 137
600 650 145
650 700 145
700 750 171
750 800 153
800 850 135
850 900 179
900 950 174
950 1000 143
1000 1100 169
1000 1200 182
1000 1300 182
1000 1400 182
1000 1500 182
1000 1600 182
1000 1700 182
1000 1800 182
1000 1900 182
1000 2000 182
1000 3000 217
1000 4000 238
1000 5000 238
1000 6000 238
1000 7000 262
1000 8000 262
1000 9000 262
1000 10000 262
1 10000 262
