1 10 20
100 200 125
201 210 89
900 1000 174
11 50 112
51 99 119
211 300 128
301 350 144
351 400 126
401 500 142
501 520 124
521 550 137
551 580 137
581 600 119
601 750 171
751 790 153
791 820 135
821 840 135
841 880 179
881 899 148
1 2 2
1 5 8
2 5 8
21 42 112
91 200 125
70 100 119
1 1 1
3 3 8
10 10 7
9 10 20
400 600 142
700 701 83
40 43 110
76 79 36
20 30 112
89 90 31
200 213 89
91 111 119
80 600 144
89 789 171
47 89 116
333 999 179
373 822 171
1000 1001 143
1002 1100 169
669 890 179
733 988 179
637 902 179
637 1000 179
18 90 116
18 100 119
18 150 122
1 1000 179
28 280 128
45 450 144
2 200 125
383 798 171
372 890 179
764 900 179
100 888 179
444 555 142
777 999 179
738 1200 182
1101 2000 182
2001 2100 157
2101 2710 209
3000 4000 238
1000 2000 182
1500 2000 180
1000 1499 182
788 1003 179
75 890 179
103 301 128
800 1007 179
2837 3000 217
2000 2500 209
903 1000 174
93 100 119
484 500 142
10 91 116
114 150 122
150 160 86
16 61 113
24 42 112
35 53 110
78 780 171
87 711 171
117 711 171
89 789 171
10 1 20
200 100 125
210 200 89
1000 900 174
300 30 128
42 24 112
897 567 179
190 100 125
700 400 145
700 90 145
230 200 115
420 42 144
100001 100200 341
100200 100001 341
